{"/Users/lizavetabadunova/Documents/new_vue/vue-todo/src/App.vue": {"path":"/Users/lizavetabadunova/Documents/new_vue/vue-todo/src/App.vue","statementMap":{"0":{"start":{"line":10,"column":0},"end":{"line":10,"column":null}},"1":{"start":{"line":11,"column":0},"end":{"line":11,"column":null}},"2":{"start":{"line":12,"column":0},"end":{"line":12,"column":null}},"3":{"start":{"line":21,"column":0},"end":{"line":21,"column":null}}},"fnMap":{"0":{"name":"(anonymous_1)","decl":{"start":{"line":20,"column":0},"end":{"line":20,"column":null}},"loc":{"start":{"line":20,"column":0},"end":{"line":22,"column":null}}}},"branchMap":{},"s":{"0":0,"1":0,"2":0,"3":0},"f":{"0":0},"b":{}}
,"/Users/lizavetabadunova/Documents/new_vue/vue-todo/src/components/atoms/AddTodo.vue": {"path":"/Users/lizavetabadunova/Documents/new_vue/vue-todo/src/components/atoms/AddTodo.vue","statementMap":{"0":{"start":{"line":14,"column":0},"end":{"line":14,"column":null}},"1":{"start":{"line":18,"column":0},"end":{"line":18,"column":null}},"2":{"start":{"line":25,"column":0},"end":{"line":25,"column":null}},"3":{"start":{"line":26,"column":0},"end":{"line":26,"column":null}},"4":{"start":{"line":27,"column":0},"end":{"line":27,"column":null}}},"fnMap":{"0":{"name":"(anonymous_1)","decl":{"start":{"line":17,"column":0},"end":{"line":17,"column":null}},"loc":{"start":{"line":17,"column":0},"end":{"line":21,"column":null}}},"1":{"name":"(anonymous_2)","decl":{"start":{"line":24,"column":0},"end":{"line":24,"column":null}},"loc":{"start":{"line":24,"column":0},"end":{"line":28,"column":null}}}},"branchMap":{},"s":{"0":2,"1":3,"2":1,"3":1,"4":1},"f":{"0":3,"1":1},"b":{}}
,"/Users/lizavetabadunova/Documents/new_vue/vue-todo/src/components/molecules/SortBtn.vue": {"path":"/Users/lizavetabadunova/Documents/new_vue/vue-todo/src/components/molecules/SortBtn.vue","statementMap":{"0":{"start":{"line":9,"column":0},"end":{"line":9,"column":null}},"1":{"start":{"line":19,"column":0},"end":{"line":19,"column":null}}},"fnMap":{"0":{"name":"(anonymous_1)","decl":{"start":{"line":18,"column":0},"end":{"line":18,"column":null}},"loc":{"start":{"line":18,"column":0},"end":{"line":20,"column":null}}}},"branchMap":{},"s":{"0":2,"1":1},"f":{"0":1},"b":{}}
,"/Users/lizavetabadunova/Documents/new_vue/vue-todo/src/components/molecules/TodoItem.vue": {"path":"/Users/lizavetabadunova/Documents/new_vue/vue-todo/src/components/molecules/TodoItem.vue","statementMap":{"0":{"start":{"line":12,"column":0},"end":{"line":12,"column":null}},"1":{"start":{"line":23,"column":0},"end":{"line":23,"column":null}},"2":{"start":{"line":26,"column":0},"end":{"line":26,"column":null}}},"fnMap":{"0":{"name":"(anonymous_1)","decl":{"start":{"line":22,"column":0},"end":{"line":22,"column":null}},"loc":{"start":{"line":22,"column":0},"end":{"line":24,"column":null}}},"1":{"name":"(anonymous_2)","decl":{"start":{"line":25,"column":0},"end":{"line":25,"column":null}},"loc":{"start":{"line":25,"column":0},"end":{"line":27,"column":null}}}},"branchMap":{},"s":{"0":2,"1":1,"2":1},"f":{"0":1,"1":1},"b":{}}
,"/Users/lizavetabadunova/Documents/new_vue/vue-todo/src/components/organisms/Footer.vue": {"path":"/Users/lizavetabadunova/Documents/new_vue/vue-todo/src/components/organisms/Footer.vue","statementMap":{"0":{"start":{"line":17,"column":0},"end":{"line":17,"column":null}},"1":{"start":{"line":18,"column":0},"end":{"line":18,"column":null}}},"fnMap":{},"branchMap":{},"s":{"0":1,"1":1},"f":{},"b":{}}
,"/Users/lizavetabadunova/Documents/new_vue/vue-todo/src/components/organisms/TodoList.vue": {"path":"/Users/lizavetabadunova/Documents/new_vue/vue-todo/src/components/organisms/TodoList.vue","statementMap":{"0":{"start":{"line":15,"column":0},"end":{"line":15,"column":null}},"1":{"start":{"line":16,"column":0},"end":{"line":16,"column":null}},"2":{"start":{"line":17,"column":0},"end":{"line":17,"column":null}}},"fnMap":{},"branchMap":{},"s":{"0":1,"1":1,"2":1},"f":{},"b":{}}
,"/Users/lizavetabadunova/Documents/new_vue/vue-todo/src/store/index.js": {"path":"/Users/lizavetabadunova/Documents/new_vue/vue-todo/src/store/index.js","statementMap":{"0":{"start":{"line":5,"column":0},"end":{"line":5,"column":14}}},"fnMap":{},"branchMap":{},"s":{"0":0},"f":{},"b":{},"hash":"de8dc454767444b63e97a4fa5f803293a17ecb37"}
,"/Users/lizavetabadunova/Documents/new_vue/vue-todo/src/store/modules/todos.js": {"path":"/Users/lizavetabadunova/Documents/new_vue/vue-todo/src/store/modules/todos.js","statementMap":{"0":{"start":{"line":39,"column":25},"end":{"line":39,"column":45}},"1":{"start":{"line":40,"column":29},"end":{"line":40,"column":54}},"2":{"start":{"line":42,"column":12},"end":{"line":42,"column":70}},"3":{"start":{"line":42,"column":48},"end":{"line":42,"column":62}},"4":{"start":{"line":45,"column":12},"end":{"line":49,"column":13}},"5":{"start":{"line":46,"column":31},"end":{"line":46,"column":84}},"6":{"start":{"line":46,"column":67},"end":{"line":46,"column":82}},"7":{"start":{"line":47,"column":33},"end":{"line":47,"column":85}},"8":{"start":{"line":47,"column":69},"end":{"line":47,"column":83}},"9":{"start":{"line":48,"column":25},"end":{"line":48,"column":44}},"10":{"start":{"line":54,"column":12},"end":{"line":57,"column":13}},"11":{"start":{"line":55,"column":29},"end":{"line":55,"column":97}},"12":{"start":{"line":56,"column":16},"end":{"line":56,"column":41}},"13":{"start":{"line":58,"column":12},"end":{"line":58,"column":71}},"14":{"start":{"line":61,"column":12},"end":{"line":61,"column":68}},"15":{"start":{"line":61,"column":53},"end":{"line":61,"column":67}},"16":{"start":{"line":62,"column":12},"end":{"line":62,"column":71}},"17":{"start":{"line":65,"column":12},"end":{"line":67,"column":14}},"18":{"start":{"line":66,"column":16},"end":{"line":66,"column":79}},"19":{"start":{"line":68,"column":12},"end":{"line":68,"column":71}},"20":{"start":{"line":71,"column":12},"end":{"line":71,"column":31}},"21":{"start":{"line":72,"column":12},"end":{"line":74,"column":14}},"22":{"start":{"line":73,"column":16},"end":{"line":73,"column":79}},"23":{"start":{"line":77,"column":12},"end":{"line":77,"column":74}},"24":{"start":{"line":82,"column":12},"end":{"line":82,"column":45}}},"fnMap":{"0":{"name":"(anonymous_0)","decl":{"start":{"line":39,"column":8},"end":{"line":39,"column":9}},"loc":{"start":{"line":39,"column":23},"end":{"line":39,"column":47}},"line":39},"1":{"name":"(anonymous_1)","decl":{"start":{"line":40,"column":8},"end":{"line":40,"column":9}},"loc":{"start":{"line":40,"column":27},"end":{"line":40,"column":56}},"line":40},"2":{"name":"(anonymous_2)","decl":{"start":{"line":41,"column":8},"end":{"line":41,"column":9}},"loc":{"start":{"line":41,"column":30},"end":{"line":43,"column":9}},"line":41},"3":{"name":"(anonymous_3)","decl":{"start":{"line":42,"column":38},"end":{"line":42,"column":39}},"loc":{"start":{"line":42,"column":48},"end":{"line":42,"column":62}},"line":42},"4":{"name":"(anonymous_4)","decl":{"start":{"line":44,"column":8},"end":{"line":44,"column":9}},"loc":{"start":{"line":44,"column":27},"end":{"line":50,"column":9}},"line":44},"5":{"name":"(anonymous_5)","decl":{"start":{"line":46,"column":57},"end":{"line":46,"column":58}},"loc":{"start":{"line":46,"column":67},"end":{"line":46,"column":82}},"line":46},"6":{"name":"(anonymous_6)","decl":{"start":{"line":47,"column":59},"end":{"line":47,"column":60}},"loc":{"start":{"line":47,"column":69},"end":{"line":47,"column":83}},"line":47},"7":{"name":"(anonymous_7)","decl":{"start":{"line":53,"column":8},"end":{"line":53,"column":9}},"loc":{"start":{"line":53,"column":32},"end":{"line":59,"column":9}},"line":53},"8":{"name":"(anonymous_8)","decl":{"start":{"line":60,"column":8},"end":{"line":60,"column":9}},"loc":{"start":{"line":60,"column":30},"end":{"line":63,"column":9}},"line":60},"9":{"name":"(anonymous_9)","decl":{"start":{"line":61,"column":45},"end":{"line":61,"column":46}},"loc":{"start":{"line":61,"column":53},"end":{"line":61,"column":67}},"line":61},"10":{"name":"(anonymous_10)","decl":{"start":{"line":64,"column":8},"end":{"line":64,"column":9}},"loc":{"start":{"line":64,"column":36},"end":{"line":69,"column":9}},"line":64},"11":{"name":"(anonymous_11)","decl":{"start":{"line":65,"column":42},"end":{"line":65,"column":43}},"loc":{"start":{"line":66,"column":16},"end":{"line":66,"column":79}},"line":66},"12":{"name":"(anonymous_12)","decl":{"start":{"line":70,"column":8},"end":{"line":70,"column":9}},"loc":{"start":{"line":70,"column":38},"end":{"line":75,"column":9}},"line":70},"13":{"name":"(anonymous_13)","decl":{"start":{"line":72,"column":30},"end":{"line":72,"column":31}},"loc":{"start":{"line":73,"column":16},"end":{"line":73,"column":79}},"line":73},"14":{"name":"(anonymous_14)","decl":{"start":{"line":76,"column":8},"end":{"line":76,"column":9}},"loc":{"start":{"line":76,"column":30},"end":{"line":78,"column":9}},"line":76},"15":{"name":"(anonymous_15)","decl":{"start":{"line":81,"column":8},"end":{"line":81,"column":9}},"loc":{"start":{"line":81,"column":32},"end":{"line":83,"column":9}},"line":81}},"branchMap":{"0":{"loc":{"start":{"line":45,"column":12},"end":{"line":49,"column":13}},"type":"switch","locations":[{"start":{"line":46,"column":16},"end":{"line":46,"column":84}},{"start":{"line":47,"column":16},"end":{"line":47,"column":85}},{"start":{"line":48,"column":16},"end":{"line":48,"column":44}}],"line":45},"1":{"loc":{"start":{"line":54,"column":12},"end":{"line":57,"column":13}},"type":"if","locations":[{"start":{"line":54,"column":12},"end":{"line":57,"column":13}},{"start":{"line":54,"column":12},"end":{"line":57,"column":13}}],"line":54},"2":{"loc":{"start":{"line":66,"column":16},"end":{"line":66,"column":79}},"type":"cond-expr","locations":[{"start":{"line":66,"column":33},"end":{"line":66,"column":72}},{"start":{"line":66,"column":75},"end":{"line":66,"column":79}}],"line":66},"3":{"loc":{"start":{"line":73,"column":16},"end":{"line":73,"column":79}},"type":"cond-expr","locations":[{"start":{"line":73,"column":38},"end":{"line":73,"column":73}},{"start":{"line":73,"column":76},"end":{"line":73,"column":79}}],"line":73},"4":{"loc":{"start":{"line":77,"column":26},"end":{"line":77,"column":73}},"type":"binary-expr","locations":[{"start":{"line":77,"column":26},"end":{"line":77,"column":67}},{"start":{"line":77,"column":71},"end":{"line":77,"column":73}}],"line":77}},"s":{"0":1,"1":1,"2":1,"3":3,"4":3,"5":1,"6":3,"7":1,"8":3,"9":1,"10":2,"11":2,"12":2,"13":2,"14":1,"15":3,"16":1,"17":1,"18":4,"19":1,"20":1,"21":1,"22":3,"23":1,"24":1},"f":{"0":1,"1":1,"2":1,"3":3,"4":3,"5":3,"6":3,"7":2,"8":1,"9":3,"10":1,"11":4,"12":1,"13":3,"14":1,"15":1},"b":{"0":[1,1,1],"1":[2,0],"2":[1,3],"3":[0,3],"4":[1,0]},"_coverageSchema":"43e27e138ebf9cfc5966b082cf9a028302ed4184","hash":"509c47d53d84be22013369b0ed6fec25e9d8ea6e"}
}
