TN:
SF:/Users/lizavetabadunova/Documents/new_vue/vue-todo/src/App.vue
FN:20,(anonymous_1)
FNF:1
FNH:0
FNDA:0,(anonymous_1)
DA:10,0
DA:11,0
DA:12,0
DA:21,0
LF:4
LH:0
BRF:0
BRH:0
end_of_record
TN:
SF:/Users/lizavetabadunova/Documents/new_vue/vue-todo/src/components/atoms/AddTodo.vue
FN:17,(anonymous_1)
FN:24,(anonymous_2)
FNF:2
FNH:2
FNDA:3,(anonymous_1)
FNDA:1,(anonymous_2)
DA:14,2
DA:18,3
DA:25,1
DA:26,1
DA:27,1
LF:5
LH:5
BRF:0
BRH:0
end_of_record
TN:
SF:/Users/lizavetabadunova/Documents/new_vue/vue-todo/src/components/molecules/SortBtn.vue
FN:18,(anonymous_1)
FNF:1
FNH:1
FNDA:1,(anonymous_1)
DA:9,2
DA:19,1
LF:2
LH:2
BRF:0
BRH:0
end_of_record
TN:
SF:/Users/lizavetabadunova/Documents/new_vue/vue-todo/src/components/molecules/TodoItem.vue
FN:22,(anonymous_1)
FN:25,(anonymous_2)
FNF:2
FNH:2
FNDA:1,(anonymous_1)
FNDA:1,(anonymous_2)
DA:12,2
DA:23,1
DA:26,1
LF:3
LH:3
BRF:0
BRH:0
end_of_record
TN:
SF:/Users/lizavetabadunova/Documents/new_vue/vue-todo/src/components/organisms/Footer.vue
FNF:0
FNH:0
DA:17,1
DA:18,1
LF:2
LH:2
BRF:0
BRH:0
end_of_record
TN:
SF:/Users/lizavetabadunova/Documents/new_vue/vue-todo/src/components/organisms/TodoList.vue
FNF:0
FNH:0
DA:15,1
DA:16,1
DA:17,1
LF:3
LH:3
BRF:0
BRH:0
end_of_record
TN:
SF:/Users/lizavetabadunova/Documents/new_vue/vue-todo/src/store/index.js
FNF:0
FNH:0
DA:5,0
LF:1
LH:0
BRF:0
BRH:0
end_of_record
TN:
SF:/Users/lizavetabadunova/Documents/new_vue/vue-todo/src/store/modules/todos.js
FN:39,(anonymous_0)
FN:40,(anonymous_1)
FN:41,(anonymous_2)
FN:42,(anonymous_3)
FN:44,(anonymous_4)
FN:46,(anonymous_5)
FN:47,(anonymous_6)
FN:53,(anonymous_7)
FN:60,(anonymous_8)
FN:61,(anonymous_9)
FN:64,(anonymous_10)
FN:65,(anonymous_11)
FN:70,(anonymous_12)
FN:72,(anonymous_13)
FN:76,(anonymous_14)
FN:81,(anonymous_15)
FNF:16
FNH:16
FNDA:1,(anonymous_0)
FNDA:1,(anonymous_1)
FNDA:1,(anonymous_2)
FNDA:3,(anonymous_3)
FNDA:3,(anonymous_4)
FNDA:3,(anonymous_5)
FNDA:3,(anonymous_6)
FNDA:2,(anonymous_7)
FNDA:1,(anonymous_8)
FNDA:3,(anonymous_9)
FNDA:1,(anonymous_10)
FNDA:4,(anonymous_11)
FNDA:1,(anonymous_12)
FNDA:3,(anonymous_13)
FNDA:1,(anonymous_14)
FNDA:1,(anonymous_15)
DA:39,1
DA:40,1
DA:42,3
DA:45,3
DA:46,3
DA:47,3
DA:48,1
DA:54,2
DA:55,2
DA:56,2
DA:58,2
DA:61,3
DA:62,1
DA:65,1
DA:66,4
DA:68,1
DA:71,1
DA:72,1
DA:73,3
DA:77,1
DA:82,1
LF:21
LH:21
BRDA:45,0,0,1
BRDA:45,0,1,1
BRDA:45,0,2,1
BRDA:54,1,0,2
BRDA:54,1,1,0
BRDA:66,2,0,1
BRDA:66,2,1,3
BRDA:73,3,0,0
BRDA:73,3,1,3
BRDA:77,4,0,1
BRDA:77,4,1,0
BRF:11
BRH:8
end_of_record
